[debug] [2026-05-28T11:54:18.662Z] ----------------------------------------------------------------------
[debug] [2026-05-28T11:54:18.664Z] Command:       /home/gonza/.nvm/versions/node/v24.13.0/bin/node /home/gonza/.npm/_npx/7750544ccf494d8b/node_modules/.bin/firebase apphosting:backends:create --project keysound-5480e
[debug] [2026-05-28T11:54:18.664Z] CLI Version:   15.19.0
[debug] [2026-05-28T11:54:18.664Z] Platform:      linux
[debug] [2026-05-28T11:54:18.664Z] Node Version:  v24.13.0
[debug] [2026-05-28T11:54:18.664Z] Time:          Thu May 28 2026 13:54:18 GMT+0200 (hora de verano de Europa central)
[debug] [2026-05-28T11:54:18.664Z] ----------------------------------------------------------------------
[debug] 
[debug] [2026-05-28T11:54:18.825Z] > command requires scopes: ["email","openid","https://www.googleapis.com/auth/cloudplatformprojects.readonly","https://www.googleapis.com/auth/firebase","https://www.googleapis.com/auth/cloud-platform"]
[debug] [2026-05-28T11:54:18.825Z] > authorizing via signed-in user (gonzi3671@gmail.com)
[debug] [2026-05-28T11:54:18.827Z] Checked if tokens are valid: true, expires at: 1779972332535
[debug] [2026-05-28T11:54:18.827Z] Checked if tokens are valid: true, expires at: 1779972332535
[debug] [2026-05-28T11:54:18.828Z] >>> [apiv2][query] POST https://iam.googleapis.com/v1/projects/keysound-5480e/serviceAccounts/firebase-app-hosting-compute@keysound-5480e.iam.gserviceaccount.com:testIamPermissions [none]
[debug] [2026-05-28T11:54:18.828Z] >>> [apiv2][(partial)header] POST https://iam.googleapis.com/v1/projects/keysound-5480e/serviceAccounts/firebase-app-hosting-compute@keysound-5480e.iam.gserviceaccount.com:testIamPermissions  x-goog-user-project=keysound-5480e
[debug] [2026-05-28T11:54:18.828Z] >>> [apiv2][body] POST https://iam.googleapis.com/v1/projects/keysound-5480e/serviceAccounts/firebase-app-hosting-compute@keysound-5480e.iam.gserviceaccount.com:testIamPermissions {"permissions":["iam.serviceAccounts.actAs"]}
[debug] [2026-05-28T11:54:19.542Z] <<< [apiv2][status] POST https://iam.googleapis.com/v1/projects/keysound-5480e/serviceAccounts/firebase-app-hosting-compute@keysound-5480e.iam.gserviceaccount.com:testIamPermissions 200
[debug] [2026-05-28T11:54:19.542Z] <<< [apiv2][body] POST https://iam.googleapis.com/v1/projects/keysound-5480e/serviceAccounts/firebase-app-hosting-compute@keysound-5480e.iam.gserviceaccount.com:testIamPermissions {"permissions":["iam.serviceAccounts.actAs"]}
[debug] [2026-05-28T11:54:19.543Z] Checked if tokens are valid: true, expires at: 1779972332535
[debug] [2026-05-28T11:54:19.543Z] Checked if tokens are valid: true, expires at: 1779972332535
[debug] [2026-05-28T11:54:19.543Z] >>> [apiv2][query] POST https://iam.googleapis.com/v1/projects/keysound-5480e/serviceAccounts [none]
[debug] [2026-05-28T11:54:19.543Z] >>> [apiv2][body] POST https://iam.googleapis.com/v1/projects/keysound-5480e/serviceAccounts {"accountId":"firebase-app-hosting-compute","serviceAccount":{"displayName":"Firebase App Hosting compute service account","description":"Default service account used to run builds and deploys for Firebase App Hosting"}}
[debug] [2026-05-28T11:54:19.820Z] <<< [apiv2][status] POST https://iam.googleapis.com/v1/projects/keysound-5480e/serviceAccounts 409
[debug] [2026-05-28T11:54:19.820Z] <<< [apiv2][body] POST https://iam.googleapis.com/v1/projects/keysound-5480e/serviceAccounts [omitted]
[debug] [2026-05-28T11:54:19.824Z] Checked if tokens are valid: true, expires at: 1779972332535
[debug] [2026-05-28T11:54:19.824Z] Checked if tokens are valid: true, expires at: 1779972332535
[debug] [2026-05-28T11:54:19.825Z] >>> [apiv2][query] POST https://cloudresourcemanager.googleapis.com/v1/projects/keysound-5480e:getIamPolicy [none]
[debug] [2026-05-28T11:54:20.578Z] <<< [apiv2][status] POST https://cloudresourcemanager.googleapis.com/v1/projects/keysound-5480e:getIamPolicy 200
[debug] [2026-05-28T11:54:20.578Z] <<< [apiv2][body] POST https://cloudresourcemanager.googleapis.com/v1/projects/keysound-5480e:getIamPolicy {"version":1,"etag":"BwZS31ZmMOA=","bindings":[{"role":"roles/cloudbuild.builds.builder","members":["serviceAccount:603923626139@cloudbuild.gserviceaccount.com"]},{"role":"roles/cloudbuild.serviceAgent","members":["serviceAccount:service-603923626139@gcp-sa-cloudbuild.iam.gserviceaccount.com"]},{"role":"roles/cloudsql.client","members":["user:kikeruuuiz@gmail.com"]},{"role":"roles/compute.instanceGroupManagerServiceAgent","members":["serviceAccount:603923626139@cloudservices.gserviceaccount.com"]},{"role":"roles/compute.serviceAgent","members":["serviceAccount:service-603923626139@compute-system.iam.gserviceaccount.com"]},{"role":"roles/containerregistry.ServiceAgent","members":["serviceAccount:service-603923626139@containerregistry.iam.gserviceaccount.com"]},{"role":"roles/developerconnect.readTokenAccessor","members":["serviceAccount:firebase-app-hosting-compute@keysound-5480e.iam.gserviceaccount.com"]},{"role":"roles/editor","members":["user:kikeruuuiz@gmail.com"]},{"role":"roles/firebase.managementServiceAgent","members":["serviceAccount:service-603923626139@gcp-sa-firebase.iam.gserviceaccount.com"]},{"role":"roles/firebase.sdkAdminServiceAgent","members":["serviceAccount:firebase-adminsdk-fbsvc@keysound-5480e.iam.gserviceaccount.com","serviceAccount:firebase-app-hosting-compute@keysound-5480e.iam.gserviceaccount.com"]},{"role":"roles/firebaseapphosting.computeRunner","members":["serviceAccount:firebase-app-hosting-compute@keysound-5480e.iam.gserviceaccount.com"]},{"role":"roles/firebaseapphosting.serviceAgent","members":["serviceAccount:service-603923626139@gcp-sa-firebaseapphosting.iam.gserviceaccount.com"]},{"role":"roles/firebaseauth.admin","members":["serviceAccount:firebase-adminsdk-fbsvc@keysound-5480e.iam.gserviceaccount.com"]},{"role":"roles/firebasedatabase.admin","members":["serviceAccount:firebase-adminsdk-fbsvc@keysound-5480e.iam.gserviceaccount.com"]},{"role":"roles/firebasestorage.serviceAgent","members":["serviceAccount:service-603923626139@gcp-sa-firebasestorage.iam.gserviceaccount.com"]},{"role":"roles/iam.serviceAccountTokenCreator","members":["serviceAccount:firebase-adminsdk-fbsvc@keysound-5480e.iam.gserviceaccount.com"]},{"role":"roles/orgpolicy.policyViewer","members":["user:gonzi3671@gmail.com"]},{"role":"roles/owner","members":["user:gonzi3671@gmail.com"]},{"role":"roles/resourcemanager.organizationAdmin","members":["user:gonzi3671@gmail.com"]},{"role":"roles/run.serviceAgent","members":["serviceAccount:service-603923626139@serverless-robot-prod.iam.gserviceaccount.com"]},{"role":"roles/storage.admin","members":["serviceAccount:firebase-adminsdk-fbsvc@keysound-5480e.iam.gserviceaccount.com","serviceAccount:springboot-storage-fix@keysound-5480e.iam.gserviceaccount.com"]},{"role":"roles/storage.objectViewer","members":["serviceAccount:firebase-app-hosting-compute@keysound-5480e.iam.gserviceaccount.com"]}]}
[debug] [2026-05-28T11:54:20.580Z] Checked if tokens are valid: true, expires at: 1779972332535
[debug] [2026-05-28T11:54:20.580Z] Checked if tokens are valid: true, expires at: 1779972332535
[debug] [2026-05-28T11:54:20.581Z] >>> [apiv2][query] POST https://cloudresourcemanager.googleapis.com/v1/projects/keysound-5480e:setIamPolicy [none]
[debug] [2026-05-28T11:54:20.581Z] >>> [apiv2][body] POST https://cloudresourcemanager.googleapis.com/v1/projects/keysound-5480e:setIamPolicy {"policy":{"version":1,"etag":"BwZS31ZmMOA=","bindings":[{"role":"roles/cloudbuild.builds.builder","members":["serviceAccount:603923626139@cloudbuild.gserviceaccount.com"]},{"role":"roles/cloudbuild.serviceAgent","members":["serviceAccount:service-603923626139@gcp-sa-cloudbuild.iam.gserviceaccount.com"]},{"role":"roles/cloudsql.client","members":["user:kikeruuuiz@gmail.com"]},{"role":"roles/compute.instanceGroupManagerServiceAgent","members":["serviceAccount:603923626139@cloudservices.gserviceaccount.com"]},{"role":"roles/compute.serviceAgent","members":["serviceAccount:service-603923626139@compute-system.iam.gserviceaccount.com"]},{"role":"roles/containerregistry.ServiceAgent","members":["serviceAccount:service-603923626139@containerregistry.iam.gserviceaccount.com"]},{"role":"roles/developerconnect.readTokenAccessor","members":["serviceAccount:firebase-app-hosting-compute@keysound-5480e.iam.gserviceaccount.com"]},{"role":"roles/editor","members":["user:kikeruuuiz@gmail.com"]},{"role":"roles/firebase.managementServiceAgent","members":["serviceAccount:service-603923626139@gcp-sa-firebase.iam.gserviceaccount.com"]},{"role":"roles/firebase.sdkAdminServiceAgent","members":["serviceAccount:firebase-adminsdk-fbsvc@keysound-5480e.iam.gserviceaccount.com","serviceAccount:firebase-app-hosting-compute@keysound-5480e.iam.gserviceaccount.com"]},{"role":"roles/firebaseapphosting.computeRunner","members":["serviceAccount:firebase-app-hosting-compute@keysound-5480e.iam.gserviceaccount.com"]},{"role":"roles/firebaseapphosting.serviceAgent","members":["serviceAccount:service-603923626139@gcp-sa-firebaseapphosting.iam.gserviceaccount.com"]},{"role":"roles/firebaseauth.admin","members":["serviceAccount:firebase-adminsdk-fbsvc@keysound-5480e.iam.gserviceaccount.com"]},{"role":"roles/firebasedatabase.admin","members":["serviceAccount:firebase-adminsdk-fbsvc@keysound-5480e.iam.gserviceaccount.com"]},{"role":"roles/firebasestorage.serviceAgent","members":["serviceAccount:service-603923626139@gcp-sa-firebasestorage.iam.gserviceaccount.com"]},{"role":"roles/iam.serviceAccountTokenCreator","members":["serviceAccount:firebase-adminsdk-fbsvc@keysound-5480e.iam.gserviceaccount.com"]},{"role":"roles/orgpolicy.policyViewer","members":["user:gonzi3671@gmail.com"]},{"role":"roles/owner","members":["user:gonzi3671@gmail.com"]},{"role":"roles/resourcemanager.organizationAdmin","members":["user:gonzi3671@gmail.com"]},{"role":"roles/run.serviceAgent","members":["serviceAccount:service-603923626139@serverless-robot-prod.iam.gserviceaccount.com"]},{"role":"roles/storage.admin","members":["serviceAccount:firebase-adminsdk-fbsvc@keysound-5480e.iam.gserviceaccount.com","serviceAccount:springboot-storage-fix@keysound-5480e.iam.gserviceaccount.com"]},{"role":"roles/storage.objectViewer","members":["serviceAccount:firebase-app-hosting-compute@keysound-5480e.iam.gserviceaccount.com"]}]},"updateMask":"bindings"}
[debug] [2026-05-28T11:54:21.433Z] <<< [apiv2][status] POST https://cloudresourcemanager.googleapis.com/v1/projects/keysound-5480e:setIamPolicy 200
[debug] [2026-05-28T11:54:21.434Z] <<< [apiv2][body] POST https://cloudresourcemanager.googleapis.com/v1/projects/keysound-5480e:setIamPolicy {"version":1,"etag":"BwZS32OI11c=","bindings":[{"role":"roles/cloudbuild.builds.builder","members":["serviceAccount:603923626139@cloudbuild.gserviceaccount.com"]},{"role":"roles/cloudbuild.serviceAgent","members":["serviceAccount:service-603923626139@gcp-sa-cloudbuild.iam.gserviceaccount.com"]},{"role":"roles/cloudsql.client","members":["user:kikeruuuiz@gmail.com"]},{"role":"roles/compute.instanceGroupManagerServiceAgent","members":["serviceAccount:603923626139@cloudservices.gserviceaccount.com"]},{"role":"roles/compute.serviceAgent","members":["serviceAccount:service-603923626139@compute-system.iam.gserviceaccount.com"]},{"role":"roles/containerregistry.ServiceAgent","members":["serviceAccount:service-603923626139@containerregistry.iam.gserviceaccount.com"]},{"role":"roles/developerconnect.readTokenAccessor","members":["serviceAccount:firebase-app-hosting-compute@keysound-5480e.iam.gserviceaccount.com"]},{"role":"roles/editor","members":["user:kikeruuuiz@gmail.com"]},{"role":"roles/firebase.managementServiceAgent","members":["serviceAccount:service-603923626139@gcp-sa-firebase.iam.gserviceaccount.com"]},{"role":"roles/firebase.sdkAdminServiceAgent","members":["serviceAccount:firebase-adminsdk-fbsvc@keysound-5480e.iam.gserviceaccount.com","serviceAccount:firebase-app-hosting-compute@keysound-5480e.iam.gserviceaccount.com"]},{"role":"roles/firebaseapphosting.computeRunner","members":["serviceAccount:firebase-app-hosting-compute@keysound-5480e.iam.gserviceaccount.com"]},{"role":"roles/firebaseapphosting.serviceAgent","members":["serviceAccount:service-603923626139@gcp-sa-firebaseapphosting.iam.gserviceaccount.com"]},{"role":"roles/firebaseauth.admin","members":["serviceAccount:firebase-adminsdk-fbsvc@keysound-5480e.iam.gserviceaccount.com"]},{"role":"roles/firebasedatabase.admin","members":["serviceAccount:firebase-adminsdk-fbsvc@keysound-5480e.iam.gserviceaccount.com"]},{"role":"roles/firebasestorage.serviceAgent","members":["serviceAccount:service-603923626139@gcp-sa-firebasestorage.iam.gserviceaccount.com"]},{"role":"roles/iam.serviceAccountTokenCreator","members":["serviceAccount:firebase-adminsdk-fbsvc@keysound-5480e.iam.gserviceaccount.com"]},{"role":"roles/orgpolicy.policyViewer","members":["user:gonzi3671@gmail.com"]},{"role":"roles/owner","members":["user:gonzi3671@gmail.com"]},{"role":"roles/resourcemanager.organizationAdmin","members":["user:gonzi3671@gmail.com"]},{"role":"roles/run.serviceAgent","members":["serviceAccount:service-603923626139@serverless-robot-prod.iam.gserviceaccount.com"]},{"role":"roles/storage.admin","members":["serviceAccount:firebase-adminsdk-fbsvc@keysound-5480e.iam.gserviceaccount.com","serviceAccount:springboot-storage-fix@keysound-5480e.iam.gserviceaccount.com"]},{"role":"roles/storage.objectViewer","members":["serviceAccount:firebase-app-hosting-compute@keysound-5480e.iam.gserviceaccount.com"]}]}
[debug] [2026-05-28T11:54:21.435Z] Checked if tokens are valid: true, expires at: 1779972332535
[debug] [2026-05-28T11:54:21.435Z] Checked if tokens are valid: true, expires at: 1779972332535
[debug] [2026-05-28T11:54:21.436Z] >>> [apiv2][query] GET https://firebaseapphosting.googleapis.com/v1beta/projects/keysound-5480e/locations 
[debug] [2026-05-28T11:54:21.904Z] <<< [apiv2][status] GET https://firebaseapphosting.googleapis.com/v1beta/projects/keysound-5480e/locations 200
[debug] [2026-05-28T11:54:21.904Z] <<< [apiv2][body] GET https://firebaseapphosting.googleapis.com/v1beta/projects/keysound-5480e/locations {"locations":[{"name":"projects/keysound-5480e/locations/asia-east1","locationId":"asia-east1","displayName":"Taiwan"},{"name":"projects/keysound-5480e/locations/asia-southeast1","locationId":"asia-southeast1","displayName":"Singapore"},{"name":"projects/keysound-5480e/locations/europe-west4","locationId":"europe-west4","displayName":"Netherlands"},{"name":"projects/keysound-5480e/locations/us-central1","locationId":"us-central1","displayName":"Iowa"},{"name":"projects/keysound-5480e/locations/us-east4","locationId":"us-east4","displayName":"Northern Virginia"},{"name":"projects/keysound-5480e/locations/us-east5","locationId":"us-east5","displayName":"Columbus"}]}
[info] ✔  Location set to europe-west4.
 
[info] i  === Set up your backend 
[debug] [2026-05-28T11:54:39.087Z] ExitPromptError: User force closed the prompt with SIGINT
    at Interface.sigint (/home/gonza/.npm/_npx/7750544ccf494d8b/node_modules/@inquirer/core/dist/commonjs/lib/create-prompt.js:101:37)
    at Interface.emit (node:events:508:28)
    at [_ttyWrite] [as _ttyWrite] (node:internal/readline/interface:1327:18)
    at ReadStream.onkeypress (node:internal/readline/interface:284:20)
    at ReadStream.emit (node:events:520:35)
    at emitKeys (node:internal/readline/utils:371:14)
    at emitKeys.next (<anonymous>)
    at ReadStream.onData (node:internal/readline/emitKeypressEvents:64:36)
    at ReadStream.emit (node:events:508:28)
    at addChunk (node:internal/streams/readable:559:12)
[error] 
[error] Error: An unexpected error has occurred.
